<!DOCTYPE html PUBLIC "-//W3C//DTD XHTML 1.1//EN" "https://www.w3.org/TR/xhtml11/DTD/xhtml11.dtd">
<html xmlns="https://www.w3.org/1999/xhtml">
<head>
<meta http-equiv="content-type" content="text/html; charset=UTF-8"/>
<title>TestNG Report</title>
<style type="text/css">table {margin-bottom:10px;border-collapse:collapse;empty-cells:show}th,td {border:1px solid #009;padding:.25em .5em}th {vertical-align:bottom}td {vertical-align:top}table a {font-weight:bold}.stripe td {background-color: #E6EBF9}.num {text-align:right}.passedodd td {background-color: #3F3}.passedeven td {background-color: #0A0}.skippedodd td {background-color: #DDD}.skippedeven td {background-color: #CCC}.failedodd td,.attn {background-color: #F33}.failedeven td,.stripe .attn {background-color: #D00}.stacktrace {white-space:pre;font-family:monospace}.totop {font-size:85%;text-align:center;border-bottom:2px solid #000}.invisible {display:none}</style>
</head>
<body>
<table>
<tr><th>Test</th><th># Passed</th><th># Skipped</th><th># Retried</th><th># Failed</th><th>Time (ms)</th><th>Included Groups</th><th>Excluded Groups</th></tr>
<tr><th colspan="8">Suite</th></tr>
<tr><td><a href="#t0">chrome Test</a></td><td class="num">5</td><td class="num">0</td><td class="num">0</td><td class="num attn">2</td><td class="num">24,847</td><td></td><td></td></tr>
<tr class="stripe"><td><a href="#t1">wrong Test</a></td><td class="num">0</td><td class="num">0</td><td class="num">0</td><td class="num attn">7</td><td class="num">63</td><td></td><td></td></tr>
<tr><th>Total</th><th class="num">5</th><th class="num">0</th><th class="num">0</th><th class="num attn">9</th><th class="num">24,910</th><th colspan="2"></th></tr>
</table>
<table id='summary'><thead><tr><th>Class</th><th>Method</th><th>Start</th><th>Time (ms)</th></tr></thead><tbody><tr><th colspan="4">Suite</th></tr></tbody><tbody id="t0"><tr><th colspan="4">chrome Test &#8212; failed</th></tr><tr class="failedeven"><td rowspan="2">Parameterization_CrossBrowserTesting.AllBrowsers</td><td><a href="#m0">hiddendivisionpopup</a></td><td rowspan="1">1661007960437</td><td rowspan="1">20356</td></tr><tr class="failedeven"><td><a href="#m1">verifypagetitle</a></td><td rowspan="1">1661007959930</td><td rowspan="1">11</td></tr><tr><th colspan="4">chrome Test &#8212; passed</th></tr><tr class="passedeven"><td rowspan="5">Parameterization_CrossBrowserTesting.AllBrowsers</td><td><a href="#m2">Crossbrowser</a></td><td rowspan="1">1661007956003</td><td rowspan="1">3890</td></tr><tr class="passedeven"><td><a href="#m3">clickLoginBtn</a></td><td rowspan="1">1661007960316</td><td rowspan="1">119</td></tr><tr class="passedeven"><td><a href="#m4">verifyPassfield</a></td><td rowspan="1">1661007960150</td><td rowspan="1">164</td></tr><tr class="passedeven"><td><a href="#m5">verifyUserfield</a></td><td rowspan="1">1661007959948</td><td rowspan="1">200</td></tr><tr class="passedeven"><td><a href="#m6">verifycurrenturl</a></td><td rowspan="1">1661007959904</td><td rowspan="1">21</td></tr></tbody>
<tbody id="t1"><tr><th colspan="4">wrong Test &#8212; failed</th></tr><tr class="failedeven"><td rowspan="7">Parameterization_CrossBrowserTesting.AllBrowsers</td><td><a href="#m7">Crossbrowser</a></td><td rowspan="1">1661007980895</td><td rowspan="1">4</td></tr><tr class="failedeven"><td><a href="#m8">clickLoginBtn</a></td><td rowspan="1">1661007980945</td><td rowspan="1">1</td></tr><tr class="failedeven"><td><a href="#m9">hiddendivisionpopup</a></td><td rowspan="1">1661007980951</td><td rowspan="1">1</td></tr><tr class="failedeven"><td><a href="#m10">verifyPassfield</a></td><td rowspan="1">1661007980937</td><td rowspan="1">2</td></tr><tr class="failedeven"><td><a href="#m11">verifyUserfield</a></td><td rowspan="1">1661007980933</td><td rowspan="1">2</td></tr><tr class="failedeven"><td><a href="#m12">verifycurrenturl</a></td><td rowspan="1">1661007980914</td><td rowspan="1">1</td></tr><tr class="failedeven"><td><a href="#m13">verifypagetitle</a></td><td rowspan="1">1661007980926</td><td rowspan="1">3</td></tr></tbody>
</table>
<h2>chrome Test</h2><h3 id="m0">Parameterization_CrossBrowserTesting.AllBrowsers#hiddendivisionpopup</h3><table class="result"><tr><th>Exception</th></tr><tr><td><div class="stacktrace">org.openqa.selenium.NoSuchElementException: no such element: Unable to locate element: {&quot;method&quot;:&quot;xpath&quot;,&quot;selector&quot;:&quot;//i[@class=&quot;_9ai6 img sp_-Ww9-2lZPiS_1_5x sx_8ec58c&quot;]&quot;}
  (Session info: chrome=104.0.5112.102)
For documentation on this error, please visit: https://www.seleniumhq.org/exceptions/no_such_element.html
Build info: version: &apos;3.141.59&apos;, revision: &apos;e82be7d358&apos;, time: &apos;2018-11-14T08:17:03&apos;
System info: host: &apos;DESKTOP-JLCJDL3&apos;, ip: &apos;192.168.43.94&apos;, os.name: &apos;Windows 10&apos;, os.arch: &apos;amd64&apos;, os.version: &apos;10.0&apos;, java.version: &apos;18.0.2&apos;
Driver info: org.openqa.selenium.chrome.ChromeDriver
Capabilities {acceptInsecureCerts: false, browserName: chrome, browserVersion: 104.0.5112.102, chrome: {chromedriverVersion: 103.0.5060.134 (8ec6fce403b..., userDataDir: C:\Users\DELL\AppData\Local...}, goog:chromeOptions: {debuggerAddress: localhost:49170}, javascriptEnabled: true, networkConnectionEnabled: false, pageLoadStrategy: normal, platform: WINDOWS, platformName: WINDOWS, proxy: Proxy(), setWindowRect: true, strictFileInteractability: false, timeouts: {implicit: 0, pageLoad: 300000, script: 30000}, unhandledPromptBehavior: dismiss and notify, webauthn:extension:credBlob: true, webauthn:extension:largeBlob: true, webauthn:virtualAuthenticators: true}
Session ID: bce12668b529721f16ef9d3aa5459f77
*** Element info: {Using=xpath, value=//i[@class=&quot;_9ai6 img sp_-Ww9-2lZPiS_1_5x sx_8ec58c&quot;]}
	at org.openqa.selenium.remote.http.W3CHttpResponseCodec.createException(W3CHttpResponseCodec.java:187)
	at org.openqa.selenium.remote.http.W3CHttpResponseCodec.decode(W3CHttpResponseCodec.java:122)
	at org.openqa.selenium.remote.http.W3CHttpResponseCodec.decode(W3CHttpResponseCodec.java:49)
	at org.openqa.selenium.remote.HttpCommandExecutor.execute(HttpCommandExecutor.java:158)
	at org.openqa.selenium.remote.service.DriverCommandExecutor.execute(DriverCommandExecutor.java:83)
	at org.openqa.selenium.remote.RemoteWebDriver.execute(RemoteWebDriver.java:552)
	at org.openqa.selenium.remote.RemoteWebDriver.findElement(RemoteWebDriver.java:323)
	at org.openqa.selenium.remote.RemoteWebDriver.findElementByXPath(RemoteWebDriver.java:428)
	at org.openqa.selenium.By$ByXPath.findElement(By.java:353)
	at org.openqa.selenium.remote.RemoteWebDriver.findElement(RemoteWebDriver.java:315)
	at Parameterization_CrossBrowserTesting.AllBrowsers.hiddendivisionpopup(AllBrowsers.java:72)
	at java.base/java.util.ArrayList.forEach(ArrayList.java:1511)
... Removed 28 stack frames</div></td></tr></table><p class="totop"><a href="#summary">back to summary</a></p>
<h3 id="m1">Parameterization_CrossBrowserTesting.AllBrowsers#verifypagetitle</h3><table class="result"><tr><th>Exception</th></tr><tr><td><div class="stacktrace">java.lang.AssertionError: expected [Facebook � log in or sign up] but found [Facebook – log in or sign up]
	at Parameterization_CrossBrowserTesting.AllBrowsers.verifypagetitle(AllBrowsers.java:46)
	at java.base/java.util.ArrayList.forEach(ArrayList.java:1511)
... Removed 31 stack frames</div></td></tr></table><p class="totop"><a href="#summary">back to summary</a></p>
<h3 id="m2">Parameterization_CrossBrowserTesting.AllBrowsers#Crossbrowser</h3><table class="result"><tr class="param"><th>Parameter #1</th></tr><tr class="param stripe"><td>chrome</td></tr></table><p class="totop"><a href="#summary">back to summary</a></p>
<h3 id="m3">Parameterization_CrossBrowserTesting.AllBrowsers#clickLoginBtn</h3><table class="result"><tr><th class="invisible"/></tr></table><p class="totop"><a href="#summary">back to summary</a></p>
<h3 id="m4">Parameterization_CrossBrowserTesting.AllBrowsers#verifyPassfield</h3><table class="result"><tr><th class="invisible"/></tr></table><p class="totop"><a href="#summary">back to summary</a></p>
<h3 id="m5">Parameterization_CrossBrowserTesting.AllBrowsers#verifyUserfield</h3><table class="result"><tr><th class="invisible"/></tr></table><p class="totop"><a href="#summary">back to summary</a></p>
<h3 id="m6">Parameterization_CrossBrowserTesting.AllBrowsers#verifycurrenturl</h3><table class="result"><tr><th class="invisible"/></tr></table><p class="totop"><a href="#summary">back to summary</a></p>
<h2>wrong Test</h2><h3 id="m7">Parameterization_CrossBrowserTesting.AllBrowsers#Crossbrowser</h3><table class="result"><tr class="param"><th>Parameter #1</th></tr><tr class="param stripe"><td>sumit</td></tr><tr><th>Exception</th></tr><tr><td><div class="stacktrace">java.lang.NullPointerException: Cannot invoke &quot;org.openqa.selenium.WebDriver.get(String)&quot; because &quot;this.driver&quot; is null
	at Parameterization_CrossBrowserTesting.AllBrowsers.Crossbrowser(AllBrowsers.java:34)
	at java.base/java.util.ArrayList.forEach(ArrayList.java:1511)
... Removed 25 stack frames</div></td></tr></table><p class="totop"><a href="#summary">back to summary</a></p>
<h3 id="m8">Parameterization_CrossBrowserTesting.AllBrowsers#clickLoginBtn</h3><table class="result"><tr><th>Exception</th></tr><tr><td><div class="stacktrace">java.lang.NullPointerException: Cannot invoke &quot;org.openqa.selenium.WebDriver.findElement(org.openqa.selenium.By)&quot; because &quot;this.driver&quot; is null
	at Parameterization_CrossBrowserTesting.AllBrowsers.clickLoginBtn(AllBrowsers.java:65)
	at java.base/java.util.ArrayList.forEach(ArrayList.java:1511)
... Removed 25 stack frames</div></td></tr></table><p class="totop"><a href="#summary">back to summary</a></p>
<h3 id="m9">Parameterization_CrossBrowserTesting.AllBrowsers#hiddendivisionpopup</h3><table class="result"><tr><th>Exception</th></tr><tr><td><div class="stacktrace">java.lang.NullPointerException: Cannot invoke &quot;org.openqa.selenium.WebDriver.findElement(org.openqa.selenium.By)&quot; because &quot;this.driver&quot; is null
	at Parameterization_CrossBrowserTesting.AllBrowsers.hiddendivisionpopup(AllBrowsers.java:72)
	at java.base/java.util.ArrayList.forEach(ArrayList.java:1511)
... Removed 25 stack frames</div></td></tr></table><p class="totop"><a href="#summary">back to summary</a></p>
<h3 id="m10">Parameterization_CrossBrowserTesting.AllBrowsers#verifyPassfield</h3><table class="result"><tr><th>Exception</th></tr><tr><td><div class="stacktrace">java.lang.NullPointerException: Cannot invoke &quot;org.openqa.selenium.WebDriver.findElement(org.openqa.selenium.By)&quot; because &quot;this.driver&quot; is null
	at Parameterization_CrossBrowserTesting.AllBrowsers.verifyPassfield(AllBrowsers.java:58)
	at java.base/java.util.ArrayList.forEach(ArrayList.java:1511)
... Removed 25 stack frames</div></td></tr></table><p class="totop"><a href="#summary">back to summary</a></p>
<h3 id="m11">Parameterization_CrossBrowserTesting.AllBrowsers#verifyUserfield</h3><table class="result"><tr><th>Exception</th></tr><tr><td><div class="stacktrace">java.lang.NullPointerException: Cannot invoke &quot;org.openqa.selenium.WebDriver.findElement(org.openqa.selenium.By)&quot; because &quot;this.driver&quot; is null
	at Parameterization_CrossBrowserTesting.AllBrowsers.verifyUserfield(AllBrowsers.java:51)
	at java.base/java.util.ArrayList.forEach(ArrayList.java:1511)
... Removed 25 stack frames</div></td></tr></table><p class="totop"><a href="#summary">back to summary</a></p>
<h3 id="m12">Parameterization_CrossBrowserTesting.AllBrowsers#verifycurrenturl</h3><table class="result"><tr><th>Exception</th></tr><tr><td><div class="stacktrace">java.lang.NullPointerException: Cannot invoke &quot;org.openqa.selenium.WebDriver.getCurrentUrl()&quot; because &quot;this.driver&quot; is null
	at Parameterization_CrossBrowserTesting.AllBrowsers.verifycurrenturl(AllBrowsers.java:41)
	at java.base/java.util.ArrayList.forEach(ArrayList.java:1511)
... Removed 25 stack frames</div></td></tr></table><p class="totop"><a href="#summary">back to summary</a></p>
<h3 id="m13">Parameterization_CrossBrowserTesting.AllBrowsers#verifypagetitle</h3><table class="result"><tr><th>Exception</th></tr><tr><td><div class="stacktrace">java.lang.NullPointerException: Cannot invoke &quot;org.openqa.selenium.WebDriver.getTitle()&quot; because &quot;this.driver&quot; is null
	at Parameterization_CrossBrowserTesting.AllBrowsers.verifypagetitle(AllBrowsers.java:46)
	at java.base/java.util.ArrayList.forEach(ArrayList.java:1511)
... Removed 25 stack frames</div></td></tr></table><p class="totop"><a href="#summary">back to summary</a></p>
</body>
</html>
